<?xml version="1.0" encoding="UTF-8"?>
<!-- Generated by org.testng.reporters.JUnitXMLReporter -->
<testsuite ignored="0" hostname="LAPTOP-5FNDLE98" failures="0" tests="12" name="Default test" time="59.906" errors="0" timestamp="2021-10-04T12:15:26 IST">
  <testcase classname="com.selenium.testbuild.testCases" name="aaavalidateHomePage" time="0.018"/>
  <testcase classname="com.selenium.testbuild.testCases" name="popup" time="10.597"/>
  <testcase classname="com.selenium.testbuild.testCases" name="bbbvalidateBookshelvesPage" time="2.699"/>
  <testcase classname="com.selenium.testbuild.testCases" name="bookshelves" time="0.617"/>
  <testcase classname="com.selenium.testbuild.testCases" name="storage" time="2.314"/>
  <testcase classname="com.selenium.testbuild.testCases" name="slider" time="7.676"/>
  <testcase classname="com.selenium.testbuild.testCases" name="checkbox" time="2.642"/>
  <testcase classname="com.selenium.testbuild.testCases" name="printItems" time="1.347"/>
  <testcase classname="com.selenium.testbuild.testCases" name="collections" time="1.234"/>
  <testcase classname="com.selenium.testbuild.testCases" name="printSubmenu" time="0.343"/>
  <testcase classname="com.selenium.testbuild.testCases" name="validateGiftCardPage" time="1.663"/>
  <testcase classname="com.selenium.testbuild.testCases" name="giftCard" time="28.639"/>
</testsuite> <!-- Default test -->
