<?xml version="1.0" encoding="UTF-8"?>
<!-- Generated by org.testng.reporters.JUnitXMLReporter -->
<testsuite ignored="0" hostname="LAPTOP-5FNDLE98" failures="0" tests="12" name="Test" time="59.022" errors="0" timestamp="2021-10-04T07:49:53 IST">
  <testcase classname="com.selenium.testbuild.testCases" name="aaavalidateHomePage" time="0.033"/>
  <testcase classname="com.selenium.testbuild.testCases" name="popup" time="10.515"/>
  <testcase classname="com.selenium.testbuild.testCases" name="bbbvalidateBookshelvesPage" time="3.053"/>
  <testcase classname="com.selenium.testbuild.testCases" name="bookshelves" time="1.751"/>
  <testcase classname="com.selenium.testbuild.testCases" name="storage" time="1.029"/>
  <testcase classname="com.selenium.testbuild.testCases" name="slider" time="7.662"/>
  <testcase classname="com.selenium.testbuild.testCases" name="checkbox" time="2.549"/>
  <testcase classname="com.selenium.testbuild.testCases" name="printItems" time="0.999"/>
  <testcase classname="com.selenium.testbuild.testCases" name="collections" time="1.132"/>
  <testcase classname="com.selenium.testbuild.testCases" name="printSubmenu" time="0.363"/>
  <testcase classname="com.selenium.testbuild.testCases" name="validateGiftCardPage" time="1.547"/>
  <testcase classname="com.selenium.testbuild.testCases" name="giftCard" time="28.324"/>
</testsuite> <!-- Test -->
