<?xml version="1.0" encoding="UTF-8"?>
<testng-results ignored="0" total="12" passed="12" failed="0" skipped="0">
  <reporter-output>
  </reporter-output>
  <suite started-at="2021-10-04T12:14:26 IST" name="Default suite" finished-at="2021-10-04T12:15:26 IST" duration-ms="59906">
    <groups>
      <group name="Regression Test">
        <method signature="testCases.bookshelves()[pri:3, instance:com.selenium.testbuild.testCases@a37aefe]" name="bookshelves" class="com.selenium.testbuild.testCases"/>
        <method signature="testCases.checkbox()[pri:6, instance:com.selenium.testbuild.testCases@a37aefe]" name="checkbox" class="com.selenium.testbuild.testCases"/>
        <method signature="testCases.collections()[pri:8, instance:com.selenium.testbuild.testCases@a37aefe]" name="collections" class="com.selenium.testbuild.testCases"/>
        <method signature="testCases.giftCard()[pri:11, instance:com.selenium.testbuild.testCases@a37aefe]" name="giftCard" class="com.selenium.testbuild.testCases"/>
        <method signature="testCases.printItems()[pri:7, instance:com.selenium.testbuild.testCases@a37aefe]" name="printItems" class="com.selenium.testbuild.testCases"/>
        <method signature="testCases.printSubmenu()[pri:9, instance:com.selenium.testbuild.testCases@a37aefe]" name="printSubmenu" class="com.selenium.testbuild.testCases"/>
        <method signature="testCases.slider()[pri:5, instance:com.selenium.testbuild.testCases@a37aefe]" name="slider" class="com.selenium.testbuild.testCases"/>
        <method signature="testCases.storage()[pri:4, instance:com.selenium.testbuild.testCases@a37aefe]" name="storage" class="com.selenium.testbuild.testCases"/>
      </group> <!-- Regression Test -->
      <group name="Smoke Test">
        <method signature="testCases.aaavalidateHomePage()[pri:0, instance:com.selenium.testbuild.testCases@a37aefe]" name="aaavalidateHomePage" class="com.selenium.testbuild.testCases"/>
        <method signature="testCases.bbbvalidateBookshelvesPage()[pri:2, instance:com.selenium.testbuild.testCases@a37aefe]" name="bbbvalidateBookshelvesPage" class="com.selenium.testbuild.testCases"/>
        <method signature="testCases.popup()[pri:1, instance:com.selenium.testbuild.testCases@a37aefe]" name="popup" class="com.selenium.testbuild.testCases"/>
        <method signature="testCases.validateGiftCardPage()[pri:10, instance:com.selenium.testbuild.testCases@a37aefe]" name="validateGiftCardPage" class="com.selenium.testbuild.testCases"/>
      </group> <!-- Smoke Test -->
    </groups>
    <test started-at="2021-10-04T12:14:26 IST" name="Default test" finished-at="2021-10-04T12:15:26 IST" duration-ms="59906">
      <class name="com.selenium.testbuild.testCases">
        <test-method is-config="true" signature="setup()[pri:0, instance:com.selenium.testbuild.testCases@a37aefe]" started-at="2021-10-04T12:14:21 IST" name="setup" finished-at="2021-10-04T12:14:26 IST" duration-ms="4492" status="PASS">
          <reporter-output>
          </reporter-output>
        </test-method> <!-- setup -->
        <test-method is-config="true" signature="url()[pri:0, instance:com.selenium.testbuild.testCases@a37aefe]" started-at="2021-10-04T12:14:26 IST" name="url" finished-at="2021-10-04T12:14:26 IST" duration-ms="3" status="PASS">
          <reporter-output>
          </reporter-output>
        </test-method> <!-- url -->
        <test-method signature="aaavalidateHomePage()[pri:0, instance:com.selenium.testbuild.testCases@a37aefe]" started-at="2021-10-04T12:14:26 IST" name="aaavalidateHomePage" finished-at="2021-10-04T12:14:26 IST" duration-ms="18" status="PASS">
          <reporter-output>
          </reporter-output>
        </test-method> <!-- aaavalidateHomePage -->
        <test-method signature="popup()[pri:1, instance:com.selenium.testbuild.testCases@a37aefe]" started-at="2021-10-04T12:14:26 IST" name="popup" finished-at="2021-10-04T12:14:37 IST" duration-ms="10597" status="PASS">
          <reporter-output>
          </reporter-output>
        </test-method> <!-- popup -->
        <test-method signature="bbbvalidateBookshelvesPage()[pri:2, instance:com.selenium.testbuild.testCases@a37aefe]" started-at="2021-10-04T12:14:37 IST" name="bbbvalidateBookshelvesPage" finished-at="2021-10-04T12:14:39 IST" duration-ms="2699" status="PASS">
          <reporter-output>
          </reporter-output>
        </test-method> <!-- bbbvalidateBookshelvesPage -->
        <test-method signature="bookshelves()[pri:3, instance:com.selenium.testbuild.testCases@a37aefe]" started-at="2021-10-04T12:14:39 IST" name="bookshelves" finished-at="2021-10-04T12:14:40 IST" duration-ms="617" status="PASS">
          <reporter-output>
          </reporter-output>
        </test-method> <!-- bookshelves -->
        <test-method signature="storage()[pri:4, instance:com.selenium.testbuild.testCases@a37aefe]" started-at="2021-10-04T12:14:40 IST" name="storage" finished-at="2021-10-04T12:14:42 IST" duration-ms="2314" status="PASS">
          <reporter-output>
          </reporter-output>
        </test-method> <!-- storage -->
        <test-method signature="slider()[pri:5, instance:com.selenium.testbuild.testCases@a37aefe]" started-at="2021-10-04T12:14:42 IST" name="slider" finished-at="2021-10-04T12:14:50 IST" duration-ms="7676" status="PASS">
          <reporter-output>
          </reporter-output>
        </test-method> <!-- slider -->
        <test-method signature="checkbox()[pri:6, instance:com.selenium.testbuild.testCases@a37aefe]" started-at="2021-10-04T12:14:50 IST" name="checkbox" finished-at="2021-10-04T12:14:52 IST" duration-ms="2642" status="PASS">
          <reporter-output>
          </reporter-output>
        </test-method> <!-- checkbox -->
        <test-method signature="printItems()[pri:7, instance:com.selenium.testbuild.testCases@a37aefe]" started-at="2021-10-04T12:14:52 IST" name="printItems" finished-at="2021-10-04T12:14:54 IST" duration-ms="1347" status="PASS">
          <reporter-output>
          </reporter-output>
        </test-method> <!-- printItems -->
        <test-method signature="collections()[pri:8, instance:com.selenium.testbuild.testCases@a37aefe]" started-at="2021-10-04T12:14:54 IST" name="collections" finished-at="2021-10-04T12:14:55 IST" duration-ms="1234" status="PASS">
          <reporter-output>
          </reporter-output>
        </test-method> <!-- collections -->
        <test-method signature="printSubmenu()[pri:9, instance:com.selenium.testbuild.testCases@a37aefe]" started-at="2021-10-04T12:14:55 IST" name="printSubmenu" finished-at="2021-10-04T12:14:55 IST" duration-ms="343" status="PASS">
          <reporter-output>
          </reporter-output>
        </test-method> <!-- printSubmenu -->
        <test-method signature="validateGiftCardPage()[pri:10, instance:com.selenium.testbuild.testCases@a37aefe]" started-at="2021-10-04T12:14:55 IST" name="validateGiftCardPage" finished-at="2021-10-04T12:14:57 IST" duration-ms="1663" status="PASS">
          <reporter-output>
          </reporter-output>
        </test-method> <!-- validateGiftCardPage -->
        <test-method signature="giftCard()[pri:11, instance:com.selenium.testbuild.testCases@a37aefe]" started-at="2021-10-04T12:14:57 IST" name="giftCard" finished-at="2021-10-04T12:15:26 IST" duration-ms="28639" status="PASS">
          <reporter-output>
          </reporter-output>
        </test-method> <!-- giftCard -->
        <test-method is-config="true" signature="closeBrowser()[pri:0, instance:com.selenium.testbuild.testCases@a37aefe]" started-at="2021-10-04T12:15:26 IST" name="closeBrowser" finished-at="2021-10-04T12:15:27 IST" duration-ms="1141" status="PASS">
          <reporter-output>
          </reporter-output>
        </test-method> <!-- closeBrowser -->
      </class> <!-- com.selenium.testbuild.testCases -->
    </test> <!-- Default test -->
  </suite> <!-- Default suite -->
</testng-results>
